  AsteroidsManager.cpp
c1xx : fatal error C1083: No se puede abrir el archivo origen: 'AsteroidsManager.cpp': No such file or directory
  CollisionManager.cpp
c1xx : fatal error C1083: No se puede abrir el archivo origen: 'CollisionManager.cpp': No such file or directory
  DeAcceleration.cpp
C:\Users\Dragomante\Documents\GitHub\TPV-II\Practicas\P1\TPV2\Transform.h(20,57): warning C4244: 'argumento': conversión de 'double' a 'float'; posible pérdida de datos
C:\Users\Dragomante\Documents\GitHub\TPV-II\Practicas\P1\TPV2\Transform.h(20,54): warning C4244: 'argumento': conversión de 'double' a 'float'; posible pérdida de datos
C:\Users\Dragomante\Documents\GitHub\TPV-II\Practicas\P1\TPV2\Transform.h(21,57): warning C4244: 'argumento': conversión de 'double' a 'float'; posible pérdida de datos
C:\Users\Dragomante\Documents\GitHub\TPV-II\Practicas\P1\TPV2\Transform.h(21,54): warning C4244: 'argumento': conversión de 'double' a 'float'; posible pérdida de datos
  DisableOnExit.cpp
C:\Users\Dragomante\Documents\GitHub\TPV-II\Practicas\P1\TPV2\Transform.h(20,57): warning C4244: 'argumento': conversión de 'double' a 'float'; posible pérdida de datos
C:\Users\Dragomante\Documents\GitHub\TPV-II\Practicas\P1\TPV2\Transform.h(20,54): warning C4244: 'argumento': conversión de 'double' a 'float'; posible pérdida de datos
C:\Users\Dragomante\Documents\GitHub\TPV-II\Practicas\P1\TPV2\Transform.h(21,57): warning C4244: 'argumento': conversión de 'double' a 'float'; posible pérdida de datos
C:\Users\Dragomante\Documents\GitHub\TPV-II\Practicas\P1\TPV2\Transform.h(21,54): warning C4244: 'argumento': conversión de 'double' a 'float'; posible pérdida de datos
  FighterCtrl.cpp
  Follow.cpp
  FramedImage.cpp
  GameCtrl.cpp
c1xx : fatal error C1083: No se puede abrir el archivo origen: 'GameCtrl.cpp': No such file or directory
  Generations.cpp
  Gun.cpp
  Health.cpp
  Image.cpp
  JSON.cpp
  JSONValue.cpp
  SDLUtils.cpp
  ShowAtOppositeSide.cpp
  State.cpp
c1xx : fatal error C1083: No se puede abrir el archivo origen: 'State.cpp': No such file or directory
  Transform.cpp
  Generando código...
