  Component.cpp
C:\Users\ampac\Documents\git_Repositorios\UCM_Repos\TPV-II\Practica1\TPV2\TPV2\Component.h(50,55): warning C4244: 'argumento': conversión de 'double' a 'float'; posible pérdida de datos
C:\Users\ampac\Documents\git_Repositorios\UCM_Repos\TPV-II\Practica1\TPV2\TPV2\Component.h(50,52): warning C4244: 'argumento': conversión de 'double' a 'float'; posible pérdida de datos
C:\Users\ampac\Documents\git_Repositorios\UCM_Repos\TPV-II\Practica1\TPV2\TPV2\Component.h(54,54): warning C4244: 'argumento': conversión de 'double' a 'float'; posible pérdida de datos
C:\Users\ampac\Documents\git_Repositorios\UCM_Repos\TPV-II\Practica1\TPV2\TPV2\Component.h(54,52): warning C4244: 'argumento': conversión de 'double' a 'float'; posible pérdida de datos
C:\Users\ampac\Documents\git_Repositorios\UCM_Repos\TPV-II\Practica1\TPV2\TPV2\Component.cpp(36,29): warning C4244: '=': conversión de 'float' a 'int'; posible pérdida de datos
C:\Users\ampac\Documents\git_Repositorios\UCM_Repos\TPV-II\Practica1\TPV2\TPV2\Component.cpp(37,29): warning C4244: '=': conversión de 'float' a 'int'; posible pérdida de datos
C:\Users\ampac\Documents\git_Repositorios\UCM_Repos\TPV-II\Practica1\TPV2\TPV2\Component.cpp(38,20): warning C4244: '=': conversión de 'double' a 'int'; posible pérdida de datos
C:\Users\ampac\Documents\git_Repositorios\UCM_Repos\TPV-II\Practica1\TPV2\TPV2\Component.cpp(39,20): warning C4244: '=': conversión de 'double' a 'int'; posible pérdida de datos
C:\Users\ampac\Documents\git_Repositorios\UCM_Repos\TPV-II\Practica1\TPV2\TPV2\Component.cpp(41,41): warning C4244: 'argumento': conversión de 'double' a 'float'; posible pérdida de datos
C:\Users\ampac\Documents\git_Repositorios\UCM_Repos\TPV-II\Practica1\TPV2\TPV2\Component.cpp(125,24): warning C4244: 'argumento': conversión de 'int' a 'float'; posible pérdida de datos
C:\Users\ampac\Documents\git_Repositorios\UCM_Repos\TPV-II\Practica1\TPV2\TPV2\Component.cpp(129,33): warning C4244: 'argumento': conversión de 'double' a 'float'; posible pérdida de datos
C:\Users\ampac\Documents\git_Repositorios\UCM_Repos\TPV-II\Practica1\TPV2\TPV2\Component.cpp(134,45): warning C4244: 'argumento': conversión de 'int' a 'float'; posible pérdida de datos
C:\Users\ampac\Documents\git_Repositorios\UCM_Repos\TPV-II\Practica1\TPV2\TPV2\Component.cpp(138,55): warning C4244: 'argumento': conversión de 'double' a 'float'; posible pérdida de datos
  Entity.cpp
C:\Users\ampac\Documents\git_Repositorios\UCM_Repos\TPV-II\Practica1\TPV2\TPV2\Component.cpp(160,33): warning C4244: 'argumento': conversión de 'double' a 'float'; posible pérdida de datos
C:\Users\ampac\Documents\git_Repositorios\UCM_Repos\TPV-II\Practica1\TPV2\TPV2\Component.h(50,55): warning C4244: 'argumento': conversión de 'double' a 'float'; posible pérdida de datos
C:\Users\ampac\Documents\git_Repositorios\UCM_Repos\TPV-II\Practica1\TPV2\TPV2\Component.h(50,52): warning C4244: 'argumento': conversión de 'double' a 'float'; posible pérdida de datos
C:\Users\ampac\Documents\git_Repositorios\UCM_Repos\TPV-II\Practica1\TPV2\TPV2\Component.h(54,54): warning C4244: 'argumento': conversión de 'double' a 'float'; posible pérdida de datos
  Manager.cpp
C:\Users\ampac\Documents\git_Repositorios\UCM_Repos\TPV-II\Practica1\TPV2\TPV2\Component.h(54,52): warning C4244: 'argumento': conversión de 'double' a 'float'; posible pérdida de datos
C:\Users\ampac\Documents\git_Repositorios\UCM_Repos\TPV-II\Practica1\TPV2\TPV2\Component.h(50,55): warning C4244: 'argumento': conversión de 'double' a 'float'; posible pérdida de datos
C:\Users\ampac\Documents\git_Repositorios\UCM_Repos\TPV-II\Practica1\TPV2\TPV2\Component.h(50,52): warning C4244: 'argumento': conversión de 'double' a 'float'; posible pérdida de datos
C:\Users\ampac\Documents\git_Repositorios\UCM_Repos\TPV-II\Practica1\TPV2\TPV2\Component.h(54,54): warning C4244: 'argumento': conversión de 'double' a 'float'; posible pérdida de datos
C:\Users\ampac\Documents\git_Repositorios\UCM_Repos\TPV-II\Practica1\TPV2\TPV2\Component.h(54,52): warning C4244: 'argumento': conversión de 'double' a 'float'; posible pérdida de datos
C:\Users\ampac\Documents\git_Repositorios\UCM_Repos\TPV-II\Practica1\TPV2\TPV2\Manager.cpp(34,20): warning C4018: '<': no coinciden signed/unsigned
C:\Users\ampac\Documents\git_Repositorios\UCM_Repos\TPV-II\Practica1\TPV2\TPV2\Manager.cpp(41,20): warning C4018: '<': no coinciden signed/unsigned
  sdlutils_demo.cpp
C:\Users\ampac\Documents\git_Repositorios\UCM_Repos\TPV-II\Practica1\TPV2\TPV2\Manager.cpp(48,20): warning C4018: '<': no coinciden signed/unsigned
C:\Users\ampac\Documents\git_Repositorios\UCM_Repos\TPV-II\Practica1\TPV2\TPV2\Component.h(50,55): warning C4244: 'argumento': conversión de 'double' a 'float'; posible pérdida de datos
C:\Users\ampac\Documents\git_Repositorios\UCM_Repos\TPV-II\Practica1\TPV2\TPV2\Component.h(50,52): warning C4244: 'argumento': conversión de 'double' a 'float'; posible pérdida de datos
C:\Users\ampac\Documents\git_Repositorios\UCM_Repos\TPV-II\Practica1\TPV2\TPV2\Component.h(54,54): warning C4244: 'argumento': conversión de 'double' a 'float'; posible pérdida de datos
  Generando código...
C:\Users\ampac\Documents\git_Repositorios\UCM_Repos\TPV-II\Practica1\TPV2\TPV2\Component.h(54,52): warning C4244: 'argumento': conversión de 'double' a 'float'; posible pérdida de datos
LINK : fatal error LNK1168: no se puede abrir C:\Users\ampac\Documents\git_Repositorios\UCM_Repos\TPV-II\Practica1\TPV2\bin\TPV2Debug.exe para escritura
