  AsteroidsManager.cpp
C:\Users\ampac\Documents\git_Repositorios\UCM_Repos\TPV-II\Practicas\P1\TPV2\Transform.h(22,58): warning C4244: 'argumento': conversión de 'double' a 'float'; posible pérdida de datos
C:\Users\ampac\Documents\git_Repositorios\UCM_Repos\TPV-II\Practicas\P1\TPV2\Transform.h(22,55): warning C4244: 'argumento': conversión de 'double' a 'float'; posible pérdida de datos
C:\Users\ampac\Documents\git_Repositorios\UCM_Repos\TPV-II\Practicas\P1\TPV2\Transform.h(23,58): warning C4244: 'argumento': conversión de 'double' a 'float'; posible pérdida de datos
C:\Users\ampac\Documents\git_Repositorios\UCM_Repos\TPV-II\Practicas\P1\TPV2\Transform.h(23,55): warning C4244: 'argumento': conversión de 'double' a 'float'; posible pérdida de datos
C:\Users\ampac\Documents\git_Repositorios\UCM_Repos\TPV-II\Practicas\P1\TPV2\AsteroidsManager.cpp(69,31): warning C4244: 'argumento': conversión de 'double' a 'float'; posible pérdida de datos
C:\Users\ampac\Documents\git_Repositorios\UCM_Repos\TPV-II\Practicas\P1\TPV2\AsteroidsManager.cpp(69,40): warning C4244: 'argumento': conversión de 'double' a 'float'; posible pérdida de datos
C:\Users\ampac\Documents\git_Repositorios\UCM_Repos\TPV-II\Practicas\P1\TPV2\AsteroidsManager.cpp(70,27): warning C4244: 'argumento': conversión de 'double' a 'float'; posible pérdida de datos
C:\Users\ampac\Documents\git_Repositorios\UCM_Repos\TPV-II\Practicas\P1\TPV2\AsteroidsManager.cpp(81,22): warning C4244: 'argumento': conversión de 'double' a 'float'; posible pérdida de datos
C:\Users\ampac\Documents\git_Repositorios\UCM_Repos\TPV-II\Practicas\P1\TPV2\AsteroidsManager.cpp(81,31): warning C4244: 'argumento': conversión de 'double' a 'float'; posible pérdida de datos
C:\Users\ampac\Documents\git_Repositorios\UCM_Repos\TPV-II\Practicas\P1\TPV2\AsteroidsManager.cpp(82,18): warning C4244: 'argumento': conversión de 'double' a 'float'; posible pérdida de datos
C:\Users\ampac\Documents\git_Repositorios\UCM_Repos\TPV-II\Practicas\P1\TPV2\AsteroidsManager.cpp(129,43): warning C4244: 'argumento': conversión de 'int' a 'float'; posible pérdida de datos
  FramedImage.cpp
C:\Users\ampac\Documents\git_Repositorios\UCM_Repos\TPV-II\Practicas\P1\TPV2\AsteroidsManager.cpp(129,40): warning C4244: 'argumento': conversión de 'int' a 'float'; posible pérdida de datos
C:\Users\ampac\Documents\git_Repositorios\UCM_Repos\TPV-II\Practicas\P1\TPV2\Transform.h(22,58): warning C4244: 'argumento': conversión de 'double' a 'float'; posible pérdida de datos
C:\Users\ampac\Documents\git_Repositorios\UCM_Repos\TPV-II\Practicas\P1\TPV2\Transform.h(22,55): warning C4244: 'argumento': conversión de 'double' a 'float'; posible pérdida de datos
C:\Users\ampac\Documents\git_Repositorios\UCM_Repos\TPV-II\Practicas\P1\TPV2\Transform.h(23,58): warning C4244: 'argumento': conversión de 'double' a 'float'; posible pérdida de datos
C:\Users\ampac\Documents\git_Repositorios\UCM_Repos\TPV-II\Practicas\P1\TPV2\Transform.h(23,55): warning C4244: 'argumento': conversión de 'double' a 'float'; posible pérdida de datos
C:\Users\ampac\Documents\git_Repositorios\UCM_Repos\TPV-II\Practicas\P1\TPV2\FramedImage.cpp(15,23): warning C4244: 'argumento': conversión de 'int' a 'float'; posible pérdida de datos
C:\Users\ampac\Documents\git_Repositorios\UCM_Repos\TPV-II\Practicas\P1\TPV2\FramedImage.cpp(15,17): warning C4244: 'argumento': conversión de 'int' a 'float'; posible pérdida de datos
C:\Users\ampac\Documents\git_Repositorios\UCM_Repos\TPV-II\Practicas\P1\TPV2\FramedImage.cpp(16,25): warning C4244: 'argumento': conversión de 'int' a 'float'; posible pérdida de datos
C:\Users\ampac\Documents\git_Repositorios\UCM_Repos\TPV-II\Practicas\P1\TPV2\FramedImage.cpp(16,22): warning C4244: 'argumento': conversión de 'int' a 'float'; posible pérdida de datos
  Generando código...
C:\Users\ampac\Documents\git_Repositorios\UCM_Repos\TPV-II\Practicas\P1\TPV2\FramedImage.cpp(33,37): warning C4244: '=': conversión de 'Uint32' a 'float'; posible pérdida de datos
     Creando biblioteca C:\Users\ampac\Documents\git_Repositorios\UCM_Repos\TPV-II\Practicas\P1\bin\TPV2Debug.lib y objeto C:\Users\ampac\Documents\git_Repositorios\UCM_Repos\TPV-II\Practicas\P1\bin\TPV2Debug.exp
  TPV2.vcxproj -> C:\Users\ampac\Documents\git_Repositorios\UCM_Repos\TPV-II\Practicas\P1\bin\TPV2Debug.exe
