c:\users\ampac\documents\git_repositorios\ucm_repos\tpv-ii\practicas\p2\tpv2\tpv2\debug\vc142.pdb
c:\users\ampac\documents\git_repositorios\ucm_repos\tpv-ii\practicas\p2\tpv2\tpv2\debug\vc142.idb
c:\users\ampac\documents\git_repositorios\ucm_repos\tpv-ii\practicas\p2\tpv2\tpv2\debug\texture.obj
c:\users\ampac\documents\git_repositorios\ucm_repos\tpv-ii\practicas\p2\tpv2\tpv2\debug\soundeffect.obj
c:\users\ampac\documents\git_repositorios\ucm_repos\tpv-ii\practicas\p2\tpv2\tpv2\debug\sdlutils.obj
c:\users\ampac\documents\git_repositorios\ucm_repos\tpv-ii\practicas\p2\tpv2\tpv2\debug\sdlutils_demo.obj
c:\users\ampac\documents\git_repositorios\ucm_repos\tpv-ii\practicas\p2\tpv2\tpv2\debug\messages.obj
c:\users\ampac\documents\git_repositorios\ucm_repos\tpv-ii\practicas\p2\tpv2\tpv2\debug\main.obj
c:\users\ampac\documents\git_repositorios\ucm_repos\tpv-ii\practicas\p2\tpv2\tpv2\debug\jsonvalue.obj
c:\users\ampac\documents\git_repositorios\ucm_repos\tpv-ii\practicas\p2\tpv2\tpv2\debug\json.obj
c:\users\ampac\documents\git_repositorios\ucm_repos\tpv-ii\practicas\p2\tpv2\tpv2\debug\somplejson_demo.obj
c:\users\ampac\documents\git_repositorios\ucm_repos\tpv-ii\practicas\p2\tpv2\tpv2\debug\vector2d.obj
c:\users\ampac\documents\git_repositorios\ucm_repos\tpv-ii\practicas\p2\tpv2\tpv2\debug\collisions.obj
c:\users\ampac\documents\git_repositorios\ucm_repos\tpv-ii\practicas\p2\tpv2\tpv2\debug\gamectrlsystem.obj
c:\users\ampac\documents\git_repositorios\ucm_repos\tpv-ii\practicas\p2\tpv2\tpv2\debug\disableatexit.obj
c:\users\ampac\documents\git_repositorios\ucm_repos\tpv-ii\practicas\p2\tpv2\tpv2\debug\showatoppositeside.obj
c:\users\ampac\documents\git_repositorios\ucm_repos\tpv-ii\practicas\p2\tpv2\tpv2\debug\entity.obj
c:\users\ampac\documents\git_repositorios\ucm_repos\tpv-ii\practicas\p2\tpv2\tpv2\debug\tpv2.tlog\cl.command.1.tlog
c:\users\ampac\documents\git_repositorios\ucm_repos\tpv-ii\practicas\p2\tpv2\tpv2\debug\tpv2.tlog\cl.read.1.tlog
c:\users\ampac\documents\git_repositorios\ucm_repos\tpv-ii\practicas\p2\tpv2\tpv2\debug\tpv2.tlog\cl.write.1.tlog
