c:\users\ampac\documents\git_repositorios\ucm_repos\tpv-ii\practicas\practica2\tpv2\tpv2\x64\debug\vc142.pdb
c:\users\ampac\documents\git_repositorios\ucm_repos\tpv-ii\practicas\practica2\tpv2\tpv2\x64\debug\vc142.idb
c:\users\ampac\documents\git_repositorios\ucm_repos\tpv-ii\practicas\practica2\tpv2\tpv2\x64\debug\vector2d.obj
c:\users\ampac\documents\git_repositorios\ucm_repos\tpv-ii\practicas\practica2\tpv2\tpv2\x64\debug\collisions.obj
c:\users\ampac\documents\git_repositorios\ucm_repos\tpv-ii\practicas\practica2\tpv2\tpv2\x64\debug\texture.obj
c:\users\ampac\documents\git_repositorios\ucm_repos\tpv-ii\practicas\practica2\tpv2\tpv2\x64\debug\soundeffect.obj
c:\users\ampac\documents\git_repositorios\ucm_repos\tpv-ii\practicas\practica2\tpv2\tpv2\x64\debug\sdlutils.obj
c:\users\ampac\documents\git_repositorios\ucm_repos\tpv-ii\practicas\practica2\tpv2\tpv2\x64\debug\sdlutils_demo.obj
c:\users\ampac\documents\git_repositorios\ucm_repos\tpv-ii\practicas\practica2\tpv2\tpv2\x64\debug\jsonvalue.obj
c:\users\ampac\documents\git_repositorios\ucm_repos\tpv-ii\practicas\practica2\tpv2\tpv2\x64\debug\json.obj
c:\users\ampac\documents\git_repositorios\ucm_repos\tpv-ii\practicas\practica2\tpv2\tpv2\x64\debug\somplejson_demo.obj
c:\users\ampac\documents\git_repositorios\ucm_repos\tpv-ii\practicas\practica2\tpv2\tpv2\x64\debug\entity.obj
c:\users\ampac\documents\git_repositorios\ucm_repos\tpv-ii\practicas\practica2\tpv2\tpv2\x64\debug\manager.obj
c:\users\ampac\documents\git_repositorios\ucm_repos\tpv-ii\practicas\practica2\tpv2\tpv2\x64\debug\main.obj
c:\users\ampac\documents\git_repositorios\ucm_repos\tpv-ii\practicas\practica2\tpv2\tpv2\x64\debug\game.obj
c:\users\ampac\documents\git_repositorios\ucm_repos\tpv-ii\practicas\practica2\tpv2\tpv2\x64\debug\system.obj
c:\users\ampac\documents\git_repositorios\ucm_repos\tpv-ii\practicas\practica2\tpv2\tpv2\x64\debug\component.obj
c:\users\ampac\documents\git_repositorios\ucm_repos\tpv-ii\practicas\practica2\tpv2\bin\tpv2debug.pdb
c:\users\ampac\documents\git_repositorios\ucm_repos\tpv-ii\practicas\practica2\tpv2\tpv2\x64\debug\tpv2.tlog\cl.command.1.tlog
c:\users\ampac\documents\git_repositorios\ucm_repos\tpv-ii\practicas\practica2\tpv2\tpv2\x64\debug\tpv2.tlog\cl.read.1.tlog
c:\users\ampac\documents\git_repositorios\ucm_repos\tpv-ii\practicas\practica2\tpv2\tpv2\x64\debug\tpv2.tlog\cl.write.1.tlog
c:\users\ampac\documents\git_repositorios\ucm_repos\tpv-ii\practicas\practica2\tpv2\tpv2\x64\debug\tpv2.tlog\link-cvtres.read.1.tlog
c:\users\ampac\documents\git_repositorios\ucm_repos\tpv-ii\practicas\practica2\tpv2\tpv2\x64\debug\tpv2.tlog\link-cvtres.write.1.tlog
c:\users\ampac\documents\git_repositorios\ucm_repos\tpv-ii\practicas\practica2\tpv2\tpv2\x64\debug\tpv2.tlog\link-rc.read.1.tlog
c:\users\ampac\documents\git_repositorios\ucm_repos\tpv-ii\practicas\practica2\tpv2\tpv2\x64\debug\tpv2.tlog\link-rc.write.1.tlog
c:\users\ampac\documents\git_repositorios\ucm_repos\tpv-ii\practicas\practica2\tpv2\tpv2\x64\debug\tpv2.tlog\link.command.1.tlog
c:\users\ampac\documents\git_repositorios\ucm_repos\tpv-ii\practicas\practica2\tpv2\tpv2\x64\debug\tpv2.tlog\link.delete.1.tlog
c:\users\ampac\documents\git_repositorios\ucm_repos\tpv-ii\practicas\practica2\tpv2\tpv2\x64\debug\tpv2.tlog\link.read.1.tlog
c:\users\ampac\documents\git_repositorios\ucm_repos\tpv-ii\practicas\practica2\tpv2\tpv2\x64\debug\tpv2.tlog\link.write.1.tlog
