c:\users\jorda\documents\github\tpv-ii\practicas\p3\tpv2\tpv2\x64\debug\vc142.pdb
c:\users\jorda\documents\github\tpv-ii\practicas\p3\tpv2\tpv2\x64\debug\vc142.idb
c:\users\jorda\documents\github\tpv-ii\practicas\p3\tpv2\tpv2\x64\debug\vector2d.obj
c:\users\jorda\documents\github\tpv-ii\practicas\p3\tpv2\tpv2\x64\debug\collisions.obj
c:\users\jorda\documents\github\tpv-ii\practicas\p3\tpv2\tpv2\x64\debug\texture.obj
c:\users\jorda\documents\github\tpv-ii\practicas\p3\tpv2\tpv2\x64\debug\soundeffect.obj
c:\users\jorda\documents\github\tpv-ii\practicas\p3\tpv2\tpv2\x64\debug\sdlutils.obj
c:\users\jorda\documents\github\tpv-ii\practicas\p3\tpv2\tpv2\x64\debug\sdlutils_demo.obj
c:\users\jorda\documents\github\tpv-ii\practicas\p3\tpv2\tpv2\x64\debug\main.obj
c:\users\jorda\documents\github\tpv-ii\practicas\p3\tpv2\tpv2\x64\debug\jsonvalue.obj
c:\users\jorda\documents\github\tpv-ii\practicas\p3\tpv2\tpv2\x64\debug\json.obj
c:\users\jorda\documents\github\tpv-ii\practicas\p3\tpv2\tpv2\x64\debug\somplejson_demo.obj
c:\users\jorda\documents\github\tpv-ii\practicas\p3\tpv2\tpv2\x64\debug\manager.obj
c:\users\jorda\documents\github\tpv-ii\practicas\p3\tpv2\tpv2\x64\debug\entity.obj
c:\users\dragomante\documents\github\tpv-ii\practicas\practica3\tpv2\tpv2\x64\debug\vc142.pdb
c:\users\dragomante\documents\github\tpv-ii\practicas\practica3\tpv2\tpv2\x64\debug\vc142.idb
c:\users\dragomante\documents\github\tpv-ii\practicas\practica3\tpv2\tpv2\x64\debug\texture.obj
c:\users\dragomante\documents\github\tpv-ii\practicas\practica3\tpv2\tpv2\x64\debug\soundeffect.obj
c:\users\dragomante\documents\github\tpv-ii\practicas\practica3\tpv2\tpv2\x64\debug\sdlutils.obj
c:\users\dragomante\documents\github\tpv-ii\practicas\practica3\tpv2\tpv2\x64\debug\sdlutils_demo.obj
c:\users\dragomante\documents\github\tpv-ii\practicas\practica3\tpv2\tpv2\x64\debug\rendersystem.obj
c:\users\dragomante\documents\github\tpv-ii\practicas\practica3\tpv2\tpv2\x64\debug\paddlessystem.obj
c:\users\dragomante\documents\github\tpv-ii\practicas\practica3\tpv2\tpv2\x64\debug\networksystem.obj
c:\users\dragomante\documents\github\tpv-ii\practicas\practica3\tpv2\tpv2\x64\debug\main.obj
c:\users\dragomante\documents\github\tpv-ii\practicas\practica3\tpv2\tpv2\x64\debug\jsonvalue.obj
c:\users\dragomante\documents\github\tpv-ii\practicas\practica3\tpv2\tpv2\x64\debug\json.obj
c:\users\dragomante\documents\github\tpv-ii\practicas\practica3\tpv2\tpv2\x64\debug\somplejson_demo.obj
c:\users\dragomante\documents\github\tpv-ii\practicas\practica3\tpv2\tpv2\x64\debug\gamemanagersystem.obj
c:\users\dragomante\documents\github\tpv-ii\practicas\practica3\tpv2\tpv2\x64\debug\game.obj
c:\users\dragomante\documents\github\tpv-ii\practicas\practica3\tpv2\tpv2\x64\debug\fightersystem.obj
c:\users\dragomante\documents\github\tpv-ii\practicas\practica3\tpv2\tpv2\x64\debug\fighterctrl.obj
c:\users\dragomante\documents\github\tpv-ii\practicas\practica3\tpv2\tpv2\x64\debug\manager.obj
c:\users\dragomante\documents\github\tpv-ii\practicas\practica3\tpv2\tpv2\x64\debug\entity.obj
c:\users\dragomante\documents\github\tpv-ii\practicas\practica3\tpv2\tpv2\x64\debug\collisionsystem.obj
c:\users\dragomante\documents\github\tpv-ii\practicas\practica3\tpv2\tpv2\x64\debug\bulletssystem.obj
c:\users\dragomante\documents\github\tpv-ii\practicas\practica3\tpv2\tpv2\x64\debug\ballsystem.obj
c:\users\dragomante\documents\github\tpv-ii\practicas\practica3\tpv2\tpv2\x64\debug\vector2d.obj
c:\users\dragomante\documents\github\tpv-ii\practicas\practica3\tpv2\tpv2\x64\debug\collisions.obj
c:\users\dragomante\documents\github\tpv-ii\practicas\practica3\tpv2\bin\tpv2debug.pdb
c:\users\dragomante\documents\github\tpv-ii\practicas\practica3\tpv2\tpv2\x64\debug\tpv2.tlog\cl.command.1.tlog
c:\users\dragomante\documents\github\tpv-ii\practicas\practica3\tpv2\tpv2\x64\debug\tpv2.tlog\cl.read.1.tlog
c:\users\dragomante\documents\github\tpv-ii\practicas\practica3\tpv2\tpv2\x64\debug\tpv2.tlog\cl.write.1.tlog
c:\users\dragomante\documents\github\tpv-ii\practicas\practica3\tpv2\tpv2\x64\debug\tpv2.tlog\link-cvtres.read.1.tlog
c:\users\dragomante\documents\github\tpv-ii\practicas\practica3\tpv2\tpv2\x64\debug\tpv2.tlog\link-cvtres.write.1.tlog
c:\users\dragomante\documents\github\tpv-ii\practicas\practica3\tpv2\tpv2\x64\debug\tpv2.tlog\link-rc.read.1.tlog
c:\users\dragomante\documents\github\tpv-ii\practicas\practica3\tpv2\tpv2\x64\debug\tpv2.tlog\link-rc.write.1.tlog
c:\users\dragomante\documents\github\tpv-ii\practicas\practica3\tpv2\tpv2\x64\debug\tpv2.tlog\link.command.1.tlog
c:\users\dragomante\documents\github\tpv-ii\practicas\practica3\tpv2\tpv2\x64\debug\tpv2.tlog\link.read.1.tlog
c:\users\dragomante\documents\github\tpv-ii\practicas\practica3\tpv2\tpv2\x64\debug\tpv2.tlog\link.write.1.tlog
