  FighterSystem.cpp
C:\Users\ampac\Documents\git_Repositorios\UCM_Repos\TPV-II\Practicas\P3\TPV2\TPV2\FighterSystem.cpp(22,85): warning C4244: 'argumento': conversión de 'double' a 'float'; posible pérdida de datos
C:\Users\ampac\Documents\git_Repositorios\UCM_Repos\TPV-II\Practicas\P3\TPV2\TPV2\FighterSystem.cpp(30,104): warning C4244: 'argumento': conversión de 'double' a 'float'; posible pérdida de datos
C:\Users\ampac\Documents\git_Repositorios\UCM_Repos\TPV-II\Practicas\P3\TPV2\TPV2\FighterSystem.cpp(30,73): warning C4244: 'argumento': conversión de 'int' a 'float'; posible pérdida de datos
C:\Users\ampac\Documents\git_Repositorios\UCM_Repos\TPV-II\Practicas\P3\TPV2\TPV2\FighterSystem.cpp(99,35): warning C4244: 'argumento': conversión de 'int' a 'float'; posible pérdida de datos
C:\Users\ampac\Documents\git_Repositorios\UCM_Repos\TPV-II\Practicas\P3\TPV2\TPV2\FighterSystem.cpp(106,34): warning C4244: 'argumento': conversión de 'int' a 'float'; posible pérdida de datos
C:\Users\ampac\Documents\git_Repositorios\UCM_Repos\TPV-II\Practicas\P3\TPV2\TPV2\ecs\Manager.h(38,32): warning C4244: 'argumento': conversión de '_Ty' a 'float'; posible pérdida de datos
C:\Users\ampac\Documents\git_Repositorios\UCM_Repos\TPV-II\Practicas\P3\TPV2\TPV2\ecs\Manager.h(38,32): warning C4244:         with
C:\Users\ampac\Documents\git_Repositorios\UCM_Repos\TPV-II\Practicas\P3\TPV2\TPV2\ecs\Manager.h(38,32): warning C4244:         [
C:\Users\ampac\Documents\git_Repositorios\UCM_Repos\TPV-II\Practicas\P3\TPV2\TPV2\ecs\Manager.h(38,32): warning C4244:             _Ty=int
C:\Users\ampac\Documents\git_Repositorios\UCM_Repos\TPV-II\Practicas\P3\TPV2\TPV2\ecs\Manager.h(38,32): warning C4244:         ]
  Game.cpp
  Vector2D.cpp
  Generando código...
C:\Users\ampac\Documents\git_Repositorios\UCM_Repos\TPV-II\Practicas\P3\TPV2\TPV2\FighterSystem.cpp(22): message : vea la referencia a la creación de instancias de plantilla de función "T *Manager::addComponent<Transform,Vector2D,Vector2D,int,int,float>(Entity *,Vector2D &&,Vector2D &&,int &&,int &&,float &&)" que se está compilando
C:\Users\ampac\Documents\git_Repositorios\UCM_Repos\TPV-II\Practicas\P3\TPV2\TPV2\FighterSystem.cpp(22): message :         with
C:\Users\ampac\Documents\git_Repositorios\UCM_Repos\TPV-II\Practicas\P3\TPV2\TPV2\FighterSystem.cpp(22): message :         [
C:\Users\ampac\Documents\git_Repositorios\UCM_Repos\TPV-II\Practicas\P3\TPV2\TPV2\FighterSystem.cpp(22): message :             T=Transform
C:\Users\ampac\Documents\git_Repositorios\UCM_Repos\TPV-II\Practicas\P3\TPV2\TPV2\FighterSystem.cpp(22): message :         ]
  TPV2.vcxproj -> C:\Users\ampac\Documents\git_Repositorios\UCM_Repos\TPV-II\Practicas\P3\TPV2\bin\TPV2Debug.exe
